<?xml version="1.0" encoding="UTF-8"?>
<coverage generated="1558103651087" clover="3.2.0">
  <project timestamp="1558103651088" name="All files">
    <metrics statements="141" coveredstatements="110" conditionals="66" coveredconditionals="43" methods="48" coveredmethods="34" elements="255" coveredelements="187" complexity="0" loc="141" ncloc="141" packages="19" files="27" classes="27"/>
    <package name="assets.images">
      <metrics statements="1" coveredstatements="1" conditionals="0" coveredconditionals="0" methods="0" coveredmethods="0"/>
      <file name="image-test.jpg" path="/home/bulut/apps/personal/e-haber/starter-react-native/src/assets/images/image-test.jpg">
        <metrics statements="1" coveredstatements="1" conditionals="0" coveredconditionals="0" methods="0" coveredmethods="0"/>
        <line num="1" count="2" type="stmt"/>
      </file>
    </package>
    <package name="components.Alert">
      <metrics statements="1" coveredstatements="1" conditionals="0" coveredconditionals="0" methods="1" coveredmethods="1"/>
      <file name="Alert.tsx" path="/home/bulut/apps/personal/e-haber/starter-react-native/src/components/Alert/Alert.tsx">
        <metrics statements="1" coveredstatements="1" conditionals="0" coveredconditionals="0" methods="1" coveredmethods="1"/>
        <line num="10" count="1" type="stmt"/>
      </file>
    </package>
    <package name="components.Button">
      <metrics statements="1" coveredstatements="1" conditionals="0" coveredconditionals="0" methods="1" coveredmethods="1"/>
      <file name="Button.tsx" path="/home/bulut/apps/personal/e-haber/starter-react-native/src/components/Button/Button.tsx">
        <metrics statements="1" coveredstatements="1" conditionals="0" coveredconditionals="0" methods="1" coveredmethods="1"/>
        <line num="12" count="14" type="stmt"/>
      </file>
    </package>
    <package name="components.Container">
      <metrics statements="3" coveredstatements="3" conditionals="2" coveredconditionals="2" methods="2" coveredmethods="2"/>
      <file name="Container.tsx" path="/home/bulut/apps/personal/e-haber/starter-react-native/src/components/Container/Container.tsx">
        <metrics statements="3" coveredstatements="3" conditionals="2" coveredconditionals="2" methods="2" coveredmethods="2"/>
        <line num="5" count="2" type="stmt"/>
        <line num="7" count="3" type="cond" truecount="2" falsecount="0"/>
        <line num="16" count="4" type="stmt"/>
      </file>
    </package>
    <package name="components.DatePicker">
      <metrics statements="19" coveredstatements="14" conditionals="8" coveredconditionals="4" methods="5" coveredmethods="4"/>
      <file name="DatePicker.android.tsx" path="/home/bulut/apps/personal/e-haber/starter-react-native/src/components/DatePicker/DatePicker.android.tsx">
        <metrics statements="11" coveredstatements="7" conditionals="4" coveredconditionals="0" methods="2" coveredmethods="2"/>
        <line num="26" count="3" type="stmt"/>
        <line num="27" count="3" type="stmt"/>
        <line num="28" count="3" type="stmt"/>
        <line num="29" count="1" type="stmt"/>
        <line num="31" count="1" type="stmt"/>
        <line num="34" count="0" type="stmt"/>
        <line num="35" count="0" type="stmt"/>
        <line num="36" count="0" type="cond" truecount="0" falsecount="2"/>
        <line num="37" count="0" type="stmt"/>
        <line num="40" count="1" type="stmt"/>
        <line num="43" count="3" type="stmt"/>
      </file>
      <file name="DatePicker.ios.tsx" path="/home/bulut/apps/personal/e-haber/starter-react-native/src/components/DatePicker/DatePicker.ios.tsx">
        <metrics statements="8" coveredstatements="7" conditionals="4" coveredconditionals="4" methods="3" coveredmethods="2"/>
        <line num="21" count="4" type="cond" truecount="2" falsecount="0"/>
        <line num="22" count="4" type="stmt"/>
        <line num="24" count="4" type="stmt"/>
        <line num="25" count="4" type="stmt"/>
        <line num="26" count="0" type="stmt"/>
        <line num="28" count="4" type="stmt"/>
        <line num="29" count="1" type="stmt"/>
        <line num="31" count="4" type="stmt"/>
      </file>
    </package>
    <package name="components.FormInput">
      <metrics statements="3" coveredstatements="2" conditionals="3" coveredconditionals="2" methods="2" coveredmethods="1"/>
      <file name="FormInput.tsx" path="/home/bulut/apps/personal/e-haber/starter-react-native/src/components/FormInput/FormInput.tsx">
        <metrics statements="3" coveredstatements="2" conditionals="3" coveredconditionals="2" methods="2" coveredmethods="1"/>
        <line num="23" count="14" type="stmt"/>
        <line num="29" count="0" type="stmt"/>
        <line num="36" count="7" type="stmt"/>
      </file>
    </package>
    <package name="components.Header">
      <metrics statements="1" coveredstatements="1" conditionals="0" coveredconditionals="0" methods="1" coveredmethods="1"/>
      <file name="Header.tsx" path="/home/bulut/apps/personal/e-haber/starter-react-native/src/components/Header/Header.tsx">
        <metrics statements="1" coveredstatements="1" conditionals="0" coveredconditionals="0" methods="1" coveredmethods="1"/>
        <line num="12" count="2" type="stmt"/>
      </file>
    </package>
    <package name="components.Image">
      <metrics statements="1" coveredstatements="1" conditionals="0" coveredconditionals="0" methods="1" coveredmethods="1"/>
      <file name="Image.tsx" path="/home/bulut/apps/personal/e-haber/starter-react-native/src/components/Image/Image.tsx">
        <metrics statements="1" coveredstatements="1" conditionals="0" coveredconditionals="0" methods="1" coveredmethods="1"/>
        <line num="11" count="2" type="stmt"/>
      </file>
    </package>
    <package name="components.List">
      <metrics statements="2" coveredstatements="2" conditionals="2" coveredconditionals="1" methods="2" coveredmethods="2"/>
      <file name="List.tsx" path="/home/bulut/apps/personal/e-haber/starter-react-native/src/components/List/List.tsx">
        <metrics statements="2" coveredstatements="2" conditionals="2" coveredconditionals="1" methods="2" coveredmethods="2"/>
        <line num="15" count="2" type="stmt"/>
        <line num="20" count="4" type="cond" truecount="1" falsecount="1"/>
      </file>
    </package>
    <package name="components.List.ListItem">
      <metrics statements="1" coveredstatements="1" conditionals="0" coveredconditionals="0" methods="1" coveredmethods="1"/>
      <file name="ListItem.tsx" path="/home/bulut/apps/personal/e-haber/starter-react-native/src/components/List/ListItem/ListItem.tsx">
        <metrics statements="1" coveredstatements="1" conditionals="0" coveredconditionals="0" methods="1" coveredmethods="1"/>
        <line num="12" count="6" type="stmt"/>
      </file>
    </package>
    <package name="components.Select">
      <metrics statements="2" coveredstatements="2" conditionals="1" coveredconditionals="0" methods="2" coveredmethods="2"/>
      <file name="Select.tsx" path="/home/bulut/apps/personal/e-haber/starter-react-native/src/components/Select/Select.tsx">
        <metrics statements="2" coveredstatements="2" conditionals="1" coveredconditionals="0" methods="2" coveredmethods="2"/>
        <line num="18" count="2" type="stmt"/>
        <line num="25" count="2" type="stmt"/>
      </file>
    </package>
    <package name="components.Spinner">
      <metrics statements="2" coveredstatements="2" conditionals="2" coveredconditionals="2" methods="1" coveredmethods="1"/>
      <file name="Spinner.tsx" path="/home/bulut/apps/personal/e-haber/starter-react-native/src/components/Spinner/Spinner.tsx">
        <metrics statements="2" coveredstatements="2" conditionals="2" coveredconditionals="2" methods="1" coveredmethods="1"/>
        <line num="8" count="2" type="stmt"/>
        <line num="9" count="4" type="cond" truecount="2" falsecount="0"/>
      </file>
    </package>
    <package name="components.Switch">
      <metrics statements="1" coveredstatements="1" conditionals="1" coveredconditionals="0" methods="1" coveredmethods="1"/>
      <file name="Switch.tsx" path="/home/bulut/apps/personal/e-haber/starter-react-native/src/components/Switch/Switch.tsx">
        <metrics statements="1" coveredstatements="1" conditionals="1" coveredconditionals="0" methods="1" coveredmethods="1"/>
        <line num="12" count="2" type="stmt"/>
      </file>
    </package>
    <package name="config">
      <metrics statements="3" coveredstatements="3" conditionals="0" coveredconditionals="0" methods="0" coveredmethods="0"/>
      <file name="errors.ts" path="/home/bulut/apps/personal/e-haber/starter-react-native/src/config/errors.ts">
        <metrics statements="1" coveredstatements="1" conditionals="0" coveredconditionals="0" methods="0" coveredmethods="0"/>
        <line num="1" count="7" type="stmt"/>
      </file>
      <file name="inAppConfigs.ts" path="/home/bulut/apps/personal/e-haber/starter-react-native/src/config/inAppConfigs.ts">
        <metrics statements="1" coveredstatements="1" conditionals="0" coveredconditionals="0" methods="0" coveredmethods="0"/>
        <line num="1" count="7" type="stmt"/>
      </file>
      <file name="strings.ts" path="/home/bulut/apps/personal/e-haber/starter-react-native/src/config/strings.ts">
        <metrics statements="1" coveredstatements="1" conditionals="0" coveredconditionals="0" methods="0" coveredmethods="0"/>
        <line num="1" count="4" type="stmt"/>
      </file>
    </package>
    <package name="lib.components">
      <metrics statements="14" coveredstatements="10" conditionals="6" coveredconditionals="3" methods="5" coveredmethods="4"/>
      <file name="useForm.tsx" path="/home/bulut/apps/personal/e-haber/starter-react-native/src/lib/components/useForm.tsx">
        <metrics statements="14" coveredstatements="10" conditionals="6" coveredconditionals="3" methods="5" coveredmethods="4"/>
        <line num="9" count="5" type="stmt"/>
        <line num="10" count="6" type="stmt"/>
        <line num="11" count="6" type="stmt"/>
        <line num="12" count="6" type="stmt"/>
        <line num="14" count="6" type="stmt"/>
        <line num="15" count="3" type="cond" truecount="3" falsecount="1"/>
        <line num="16" count="0" type="stmt"/>
        <line num="20" count="6" type="stmt"/>
        <line num="21" count="0" type="cond" truecount="0" falsecount="2"/>
        <line num="22" count="0" type="stmt"/>
        <line num="23" count="0" type="stmt"/>
        <line num="26" count="6" type="stmt"/>
        <line num="27" count="1" type="stmt"/>
        <line num="33" count="6" type="stmt"/>
      </file>
    </package>
    <package name="lib.functions">
      <metrics statements="13" coveredstatements="13" conditionals="10" coveredconditionals="10" methods="4" coveredmethods="4"/>
      <file name="configs.ts" path="/home/bulut/apps/personal/e-haber/starter-react-native/src/lib/functions/configs.ts">
        <metrics statements="3" coveredstatements="3" conditionals="2" coveredconditionals="2" methods="1" coveredmethods="1"/>
        <line num="3" count="7" type="stmt"/>
        <line num="4" count="25" type="cond" truecount="2" falsecount="0"/>
        <line num="5" count="25" type="stmt"/>
      </file>
      <file name="errors.ts" path="/home/bulut/apps/personal/e-haber/starter-react-native/src/lib/functions/errors.ts">
        <metrics statements="3" coveredstatements="3" conditionals="5" coveredconditionals="5" methods="1" coveredmethods="1"/>
        <line num="3" count="7" type="stmt"/>
        <line num="4" count="18" type="cond" truecount="2" falsecount="0"/>
        <line num="5" count="18" type="cond" truecount="3" falsecount="0"/>
      </file>
      <file name="regex.ts" path="/home/bulut/apps/personal/e-haber/starter-react-native/src/lib/functions/regex.ts">
        <metrics statements="7" coveredstatements="7" conditionals="3" coveredconditionals="3" methods="2" coveredmethods="2"/>
        <line num="1" count="7" type="stmt"/>
        <line num="2" count="9" type="stmt"/>
        <line num="3" count="9" type="stmt"/>
        <line num="6" count="7" type="stmt"/>
        <line num="10" count="7" type="stmt"/>
        <line num="11" count="3" type="stmt"/>
        <line num="12" count="3" type="cond" truecount="3" falsecount="0"/>
      </file>
    </package>
    <package name="lib.validations">
      <metrics statements="34" coveredstatements="24" conditionals="28" coveredconditionals="17" methods="2" coveredmethods="2"/>
      <file name="loginForm.ts" path="/home/bulut/apps/personal/e-haber/starter-react-native/src/lib/validations/loginForm.ts">
        <metrics statements="11" coveredstatements="9" conditionals="8" coveredconditionals="6" methods="1" coveredmethods="1"/>
        <line num="6" count="3" type="stmt"/>
        <line num="8" count="3" type="cond" truecount="1" falsecount="1"/>
        <line num="9" count="0" type="stmt"/>
        <line num="10" count="3" type="cond" truecount="2" falsecount="0"/>
        <line num="11" count="2" type="stmt"/>
        <line num="14" count="3" type="stmt"/>
        <line num="15" count="3" type="cond" truecount="2" falsecount="0"/>
        <line num="16" count="2" type="stmt"/>
        <line num="17" count="1" type="cond" truecount="1" falsecount="1"/>
        <line num="18" count="0" type="stmt"/>
        <line num="21" count="3" type="stmt"/>
      </file>
      <file name="registerForm.ts" path="/home/bulut/apps/personal/e-haber/starter-react-native/src/lib/validations/registerForm.ts">
        <metrics statements="23" coveredstatements="15" conditionals="20" coveredconditionals="11" methods="1" coveredmethods="1"/>
        <line num="16" count="4" type="stmt"/>
        <line num="18" count="4" type="cond" truecount="1" falsecount="1"/>
        <line num="19" count="0" type="stmt"/>
        <line num="20" count="4" type="cond" truecount="2" falsecount="0"/>
        <line num="21" count="3" type="stmt"/>
        <line num="24" count="4" type="stmt"/>
        <line num="25" count="4" type="cond" truecount="2" falsecount="0"/>
        <line num="26" count="3" type="stmt"/>
        <line num="27" count="1" type="cond" truecount="1" falsecount="1"/>
        <line num="28" count="0" type="stmt"/>
        <line num="31" count="4" type="cond" truecount="1" falsecount="1"/>
        <line num="32" count="0" type="stmt"/>
        <line num="33" count="0" type="cond" truecount="0" falsecount="2"/>
        <line num="34" count="0" type="stmt"/>
        <line num="35" count="0" type="cond" truecount="0" falsecount="2"/>
        <line num="36" count="0" type="stmt"/>
        <line num="40" count="4" type="cond" truecount="1" falsecount="1"/>
        <line num="41" count="4" type="stmt"/>
        <line num="42" count="4" type="cond" truecount="2" falsecount="0"/>
        <line num="43" count="1" type="stmt"/>
        <line num="44" count="3" type="cond" truecount="1" falsecount="1"/>
        <line num="45" count="0" type="stmt"/>
        <line num="49" count="4" type="stmt"/>
      </file>
    </package>
    <package name="modules.auth">
      <metrics statements="20" coveredstatements="14" conditionals="0" coveredconditionals="0" methods="7" coveredmethods="0"/>
      <file name="actions.ts" path="/home/bulut/apps/personal/e-haber/starter-react-native/src/modules/auth/actions.ts">
        <metrics statements="13" coveredstatements="7" conditionals="0" coveredconditionals="0" methods="7" coveredmethods="0"/>
        <line num="4" count="4" type="stmt"/>
        <line num="5" count="0" type="stmt"/>
        <line num="7" count="4" type="stmt"/>
        <line num="8" count="0" type="stmt"/>
        <line num="10" count="4" type="stmt"/>
        <line num="11" count="0" type="stmt"/>
        <line num="13" count="4" type="stmt"/>
        <line num="14" count="0" type="stmt"/>
        <line num="16" count="4" type="stmt"/>
        <line num="17" count="0" type="stmt"/>
        <line num="19" count="4" type="stmt"/>
        <line num="20" count="0" type="stmt"/>
        <line num="22" count="4" type="stmt"/>
      </file>
      <file name="types.ts" path="/home/bulut/apps/personal/e-haber/starter-react-native/src/modules/auth/types.ts">
        <metrics statements="7" coveredstatements="7" conditionals="0" coveredconditionals="0" methods="0" coveredmethods="0"/>
        <line num="1" count="4" type="stmt"/>
        <line num="2" count="4" type="stmt"/>
        <line num="3" count="4" type="stmt"/>
        <line num="5" count="4" type="stmt"/>
        <line num="6" count="4" type="stmt"/>
        <line num="7" count="4" type="stmt"/>
        <line num="9" count="4" type="stmt"/>
      </file>
    </package>
    <package name="screens.Auth">
      <metrics statements="19" coveredstatements="14" conditionals="3" coveredconditionals="2" methods="10" coveredmethods="6"/>
      <file name="Login.tsx" path="/home/bulut/apps/personal/e-haber/starter-react-native/src/screens/Auth/Login.tsx">
        <metrics statements="9" coveredstatements="7" conditionals="0" coveredconditionals="0" methods="5" coveredmethods="3"/>
        <line num="14" count="2" type="stmt"/>
        <line num="21" count="2" type="stmt"/>
        <line num="25" count="2" type="stmt"/>
        <line num="46" count="0" type="stmt"/>
        <line num="55" count="2" type="stmt"/>
        <line num="56" count="2" type="stmt"/>
        <line num="59" count="2" type="stmt"/>
        <line num="60" count="2" type="stmt"/>
        <line num="62" count="0" type="stmt"/>
      </file>
      <file name="Register.tsx" path="/home/bulut/apps/personal/e-haber/starter-react-native/src/screens/Auth/Register.tsx">
        <metrics statements="10" coveredstatements="7" conditionals="3" coveredconditionals="2" methods="5" coveredmethods="3"/>
        <line num="16" count="2" type="stmt"/>
        <line num="23" count="2" type="stmt"/>
        <line num="28" count="2" type="stmt"/>
        <line num="66" count="0" type="stmt"/>
        <line num="75" count="2" type="stmt"/>
        <line num="76" count="2" type="stmt"/>
        <line num="79" count="2" type="stmt"/>
        <line num="80" count="2" type="stmt"/>
        <line num="82" count="0" type="stmt"/>
        <line num="83" count="0" type="stmt"/>
      </file>
    </package>
  </project>
</coverage>
