{"/home/bulut/apps/personal/e-haber/starter-react-native/src/assets/images/image-test.jpg": {"path":"/home/bulut/apps/personal/e-haber/starter-react-native/src/assets/images/image-test.jpg","statementMap":{"0":{"start":{"line":1,"column":0},"end":{"line":4,"column":6}}},"fnMap":{},"branchMap":{},"s":{"0":2},"f":{},"b":{},"_coverageSchema":"43e27e138ebf9cfc5966b082cf9a028302ed4184","hash":"050ab8536c6e16aa5655b38b4e13df7687434fe3"}
,"/home/bulut/apps/personal/e-haber/starter-react-native/src/components/Alert/Alert.tsx": {"path":"/home/bulut/apps/personal/e-haber/starter-react-native/src/components/Alert/Alert.tsx","statementMap":{"0":{"start":{"line":10,"column":2},"end":{"line":10,"column":32}}},"fnMap":{"0":{"name":"Alert","decl":{"start":{"line":9,"column":24},"end":{"line":9,"column":29}},"loc":{"start":{"line":9,"column":50},"end":{"line":11,"column":1}},"line":9}},"branchMap":{},"s":{"0":1},"f":{"0":1},"b":{},"_coverageSchema":"43e27e138ebf9cfc5966b082cf9a028302ed4184","hash":"14c242030a6d98ce20519e7181db319424f812ed"}
,"/home/bulut/apps/personal/e-haber/starter-react-native/src/components/Button/Button.tsx": {"path":"/home/bulut/apps/personal/e-haber/starter-react-native/src/components/Button/Button.tsx","statementMap":{"0":{"start":{"line":12,"column":2},"end":{"line":16,"column":4}}},"fnMap":{"0":{"name":"ButtonComponent","decl":{"start":{"line":11,"column":24},"end":{"line":11,"column":39}},"loc":{"start":{"line":11,"column":77},"end":{"line":17,"column":1}},"line":11}},"branchMap":{},"s":{"0":8},"f":{"0":8},"b":{},"_coverageSchema":"43e27e138ebf9cfc5966b082cf9a028302ed4184","hash":"d6ac4114dce8e91dca454cb4283962b9b662af1d"}
,"/home/bulut/apps/personal/e-haber/starter-react-native/src/components/Container/Container.tsx": {"path":"/home/bulut/apps/personal/e-haber/starter-react-native/src/components/Container/Container.tsx","statementMap":{"0":{"start":{"line":5,"column":22},"end":{"line":8,"column":1}},"1":{"start":{"line":7,"column":4},"end":{"line":7,"column":28}},"2":{"start":{"line":16,"column":2},"end":{"line":16,"column":69}}},"fnMap":{"0":{"name":"(anonymous_0)","decl":{"start":{"line":6,"column":22},"end":{"line":6,"column":23}},"loc":{"start":{"line":7,"column":4},"end":{"line":7,"column":28}},"line":7},"1":{"name":"(anonymous_1)","decl":{"start":{"line":15,"column":15},"end":{"line":15,"column":16}},"loc":{"start":{"line":15,"column":54},"end":{"line":17,"column":1}},"line":15}},"branchMap":{"0":{"loc":{"start":{"line":7,"column":4},"end":{"line":7,"column":28}},"type":"binary-expr","locations":[{"start":{"line":7,"column":4},"end":{"line":7,"column":17}},{"start":{"line":7,"column":21},"end":{"line":7,"column":28}}],"line":7}},"s":{"0":2,"1":3,"2":4},"f":{"0":3,"1":4},"b":{"0":[3,2]},"_coverageSchema":"43e27e138ebf9cfc5966b082cf9a028302ed4184","hash":"d6466ecb6d7f0c6e8f99f53b424161601efba1b2"}
,"/home/bulut/apps/personal/e-haber/starter-react-native/src/components/DatePicker/DatePicker.android.tsx": {"path":"/home/bulut/apps/personal/e-haber/starter-react-native/src/components/DatePicker/DatePicker.android.tsx","statementMap":{"0":{"start":{"line":26,"column":26},"end":{"line":26,"column":46}},"1":{"start":{"line":27,"column":40},"end":{"line":27,"column":45}},"2":{"start":{"line":28,"column":21},"end":{"line":42,"column":3}},"3":{"start":{"line":29,"column":4},"end":{"line":41,"column":5}},"4":{"start":{"line":31,"column":43},"end":{"line":33,"column":8}},"5":{"start":{"line":34,"column":27},"end":{"line":34,"column":53}},"6":{"start":{"line":35,"column":6},"end":{"line":35,"column":28}},"7":{"start":{"line":36,"column":6},"end":{"line":38,"column":7}},"8":{"start":{"line":37,"column":8},"end":{"line":37,"column":35}},"9":{"start":{"line":40,"column":6},"end":{"line":40,"column":55}},"10":{"start":{"line":43,"column":2},"end":{"line":47,"column":4}}},"fnMap":{"0":{"name":"DatePicker","decl":{"start":{"line":25,"column":24},"end":{"line":25,"column":34}},"loc":{"start":{"line":25,"column":50},"end":{"line":48,"column":1}},"line":25},"1":{"name":"(anonymous_1)","decl":{"start":{"line":28,"column":21},"end":{"line":28,"column":22}},"loc":{"start":{"line":28,"column":33},"end":{"line":42,"column":3}},"line":28}},"branchMap":{"0":{"loc":{"start":{"line":32,"column":14},"end":{"line":32,"column":33}},"type":"binary-expr","locations":[{"start":{"line":32,"column":14},"end":{"line":32,"column":25}},{"start":{"line":32,"column":29},"end":{"line":32,"column":33}}],"line":32},"1":{"loc":{"start":{"line":36,"column":6},"end":{"line":38,"column":7}},"type":"if","locations":[{"start":{"line":36,"column":6},"end":{"line":38,"column":7}},{"start":{"line":36,"column":6},"end":{"line":38,"column":7}}],"line":36}},"s":{"0":3,"1":3,"2":3,"3":1,"4":1,"5":0,"6":0,"7":0,"8":0,"9":1,"10":3},"f":{"0":3,"1":1},"b":{"0":[0,0],"1":[0,0]},"_coverageSchema":"43e27e138ebf9cfc5966b082cf9a028302ed4184","hash":"3c581c53f7b13bebdfb937965eacd254a162f541"}
,"/home/bulut/apps/personal/e-haber/starter-react-native/src/components/DatePicker/DatePicker.ios.tsx": {"path":"/home/bulut/apps/personal/e-haber/starter-react-native/src/components/DatePicker/DatePicker.ios.tsx","statementMap":{"0":{"start":{"line":21,"column":26},"end":{"line":21,"column":60}},"1":{"start":{"line":22,"column":39},"end":{"line":22,"column":54}},"2":{"start":{"line":24,"column":27},"end":{"line":24,"column":32}},"3":{"start":{"line":25,"column":23},"end":{"line":27,"column":3}},"4":{"start":{"line":26,"column":4},"end":{"line":26,"column":23}},"5":{"start":{"line":28,"column":21},"end":{"line":30,"column":3}},"6":{"start":{"line":29,"column":4},"end":{"line":29,"column":23}},"7":{"start":{"line":31,"column":2},"end":{"line":38,"column":4}}},"fnMap":{"0":{"name":"DatePicker","decl":{"start":{"line":20,"column":24},"end":{"line":20,"column":34}},"loc":{"start":{"line":20,"column":50},"end":{"line":39,"column":1}},"line":20},"1":{"name":"(anonymous_1)","decl":{"start":{"line":25,"column":23},"end":{"line":25,"column":24}},"loc":{"start":{"line":25,"column":39},"end":{"line":27,"column":3}},"line":25},"2":{"name":"(anonymous_2)","decl":{"start":{"line":28,"column":21},"end":{"line":28,"column":22}},"loc":{"start":{"line":28,"column":27},"end":{"line":30,"column":3}},"line":28}},"branchMap":{"0":{"loc":{"start":{"line":21,"column":35},"end":{"line":21,"column":59}},"type":"binary-expr","locations":[{"start":{"line":21,"column":35},"end":{"line":21,"column":45}},{"start":{"line":21,"column":49},"end":{"line":21,"column":59}}],"line":21},"1":{"loc":{"start":{"line":34,"column":7},"end":{"line":36,"column":7}},"type":"binary-expr","locations":[{"start":{"line":34,"column":7},"end":{"line":34,"column":19}},{"start":{"line":35,"column":8},"end":{"line":35,"column":65}}],"line":34}},"s":{"0":4,"1":4,"2":4,"3":4,"4":0,"5":4,"6":1,"7":4},"f":{"0":4,"1":0,"2":1},"b":{"0":[4,1],"1":[4,1]},"_coverageSchema":"43e27e138ebf9cfc5966b082cf9a028302ed4184","hash":"1651e612390e42723a11e4c97f7f5a34a3ff9ac2"}
,"/home/bulut/apps/personal/e-haber/starter-react-native/src/components/FormInput/FormInput.tsx": {"path":"/home/bulut/apps/personal/e-haber/starter-react-native/src/components/FormInput/FormInput.tsx","statementMap":{"0":{"start":{"line":16,"column":69},"end":{"line":16,"column":79}},"1":{"start":{"line":17,"column":4},"end":{"line":24,"column":6}},"2":{"start":{"line":22,"column":41},"end":{"line":22,"column":66}},"3":{"start":{"line":28,"column":15},"end":{"line":34,"column":2}}},"fnMap":{"0":{"name":"(anonymous_0)","decl":{"start":{"line":14,"column":2},"end":{"line":14,"column":3}},"loc":{"start":{"line":14,"column":11},"end":{"line":25,"column":3}},"line":14},"1":{"name":"(anonymous_1)","decl":{"start":{"line":22,"column":22},"end":{"line":22,"column":23}},"loc":{"start":{"line":22,"column":41},"end":{"line":22,"column":66}},"line":22}},"branchMap":{},"s":{"0":12,"1":12,"2":0,"3":6},"f":{"0":12,"1":0},"b":{},"_coverageSchema":"43e27e138ebf9cfc5966b082cf9a028302ed4184","hash":"60538c7b2d010833fb8a84ed98b4436a54daa08f"}
,"/home/bulut/apps/personal/e-haber/starter-react-native/src/components/Header/Header.tsx": {"path":"/home/bulut/apps/personal/e-haber/starter-react-native/src/components/Header/Header.tsx","statementMap":{"0":{"start":{"line":12,"column":2},"end":{"line":17,"column":4}}},"fnMap":{"0":{"name":"HeaderComponent","decl":{"start":{"line":11,"column":24},"end":{"line":11,"column":39}},"loc":{"start":{"line":11,"column":75},"end":{"line":18,"column":1}},"line":11}},"branchMap":{},"s":{"0":2},"f":{"0":2},"b":{},"_coverageSchema":"43e27e138ebf9cfc5966b082cf9a028302ed4184","hash":"a5d6ab56abfe0ac0d25283cbe031a77068384368"}
,"/home/bulut/apps/personal/e-haber/starter-react-native/src/components/Image/Image.tsx": {"path":"/home/bulut/apps/personal/e-haber/starter-react-native/src/components/Image/Image.tsx","statementMap":{"0":{"start":{"line":11,"column":2},"end":{"line":11,"column":58}}},"fnMap":{"0":{"name":"ImageComponent","decl":{"start":{"line":10,"column":24},"end":{"line":10,"column":38}},"loc":{"start":{"line":10,"column":65},"end":{"line":12,"column":1}},"line":10}},"branchMap":{},"s":{"0":2},"f":{"0":2},"b":{},"_coverageSchema":"43e27e138ebf9cfc5966b082cf9a028302ed4184","hash":"28c586fbaefc7774b57b802e0cd40fd2ba3bc39f"}
,"/home/bulut/apps/personal/e-haber/starter-react-native/src/components/Select/Select.tsx": {"path":"/home/bulut/apps/personal/e-haber/starter-react-native/src/components/Select/Select.tsx","statementMap":{"0":{"start":{"line":18,"column":2},"end":{"line":28,"column":4}},"1":{"start":{"line":25,"column":8},"end":{"line":25,"column":61}}},"fnMap":{"0":{"name":"Select","decl":{"start":{"line":12,"column":24},"end":{"line":12,"column":30}},"loc":{"start":{"line":17,"column":10},"end":{"line":29,"column":1}},"line":17},"1":{"name":"(anonymous_1)","decl":{"start":{"line":24,"column":17},"end":{"line":24,"column":18}},"loc":{"start":{"line":25,"column":8},"end":{"line":25,"column":61}},"line":25}},"branchMap":{"0":{"loc":{"start":{"line":13,"column":2},"end":{"line":13,"column":12}},"type":"default-arg","locations":[{"start":{"line":13,"column":10},"end":{"line":13,"column":12}}],"line":13}},"s":{"0":2,"1":2},"f":{"0":2,"1":2},"b":{"0":[0]},"_coverageSchema":"43e27e138ebf9cfc5966b082cf9a028302ed4184","hash":"b41dae335c75e5d6f84dbaaf7a20b08d44ca39c0"}
,"/home/bulut/apps/personal/e-haber/starter-react-native/src/components/Spinner/Spinner.tsx": {"path":"/home/bulut/apps/personal/e-haber/starter-react-native/src/components/Spinner/Spinner.tsx","statementMap":{"0":{"start":{"line":8,"column":16},"end":{"line":10,"column":1}},"1":{"start":{"line":9,"column":2},"end":{"line":9,"column":59}}},"fnMap":{"0":{"name":"(anonymous_0)","decl":{"start":{"line":8,"column":16},"end":{"line":8,"column":17}},"loc":{"start":{"line":8,"column":41},"end":{"line":10,"column":1}},"line":8}},"branchMap":{"0":{"loc":{"start":{"line":9,"column":16},"end":{"line":9,"column":51}},"type":"binary-expr","locations":[{"start":{"line":9,"column":16},"end":{"line":9,"column":24}},{"start":{"line":9,"column":28},"end":{"line":9,"column":51}}],"line":9}},"s":{"0":2,"1":4},"f":{"0":4},"b":{"0":[4,2]},"_coverageSchema":"43e27e138ebf9cfc5966b082cf9a028302ed4184","hash":"9adc53770744561985b8940b62e3a24ceec549f2"}
,"/home/bulut/apps/personal/e-haber/starter-react-native/src/components/Switch/Switch.tsx": {"path":"/home/bulut/apps/personal/e-haber/starter-react-native/src/components/Switch/Switch.tsx","statementMap":{"0":{"start":{"line":12,"column":2},"end":{"line":14,"column":4}}},"fnMap":{"0":{"name":"(anonymous_0)","decl":{"start":{"line":11,"column":15},"end":{"line":11,"column":16}},"loc":{"start":{"line":11,"column":75},"end":{"line":15,"column":1}},"line":11}},"branchMap":{"0":{"loc":{"start":{"line":11,"column":26},"end":{"line":11,"column":42}},"type":"default-arg","locations":[{"start":{"line":11,"column":37},"end":{"line":11,"column":42}}],"line":11}},"s":{"0":2},"f":{"0":2},"b":{"0":[0]},"_coverageSchema":"43e27e138ebf9cfc5966b082cf9a028302ed4184","hash":"e25dbb3cf8af26ec201b9eeadb73f831c81aecd2"}
,"/home/bulut/apps/personal/e-haber/starter-react-native/src/config/strings.ts": {"path":"/home/bulut/apps/personal/e-haber/starter-react-native/src/config/strings.ts","statementMap":{"0":{"start":{"line":1,"column":16},"end":{"line":8,"column":1}}},"fnMap":{},"branchMap":{},"s":{"0":4},"f":{},"b":{},"_coverageSchema":"43e27e138ebf9cfc5966b082cf9a028302ed4184","hash":"696eb3d7143003af0ce7b6064ba38ddf39b1bf44"}
,"/home/bulut/apps/personal/e-haber/starter-react-native/src/lib/components/useForm.tsx": {"path":"/home/bulut/apps/personal/e-haber/starter-react-native/src/lib/components/useForm.tsx","statementMap":{"0":{"start":{"line":9,"column":16},"end":{"line":39,"column":1}},"1":{"start":{"line":10,"column":30},"end":{"line":10,"column":47}},"2":{"start":{"line":11,"column":30},"end":{"line":11,"column":47}},"3":{"start":{"line":12,"column":42},"end":{"line":12,"column":57}},"4":{"start":{"line":14,"column":2},"end":{"line":18,"column":15}},"5":{"start":{"line":15,"column":4},"end":{"line":17,"column":5}},"6":{"start":{"line":16,"column":6},"end":{"line":16,"column":17}},"7":{"start":{"line":20,"column":23},"end":{"line":24,"column":3}},"8":{"start":{"line":21,"column":4},"end":{"line":21,"column":38}},"9":{"start":{"line":21,"column":15},"end":{"line":21,"column":38}},"10":{"start":{"line":22,"column":4},"end":{"line":22,"column":32}},"11":{"start":{"line":23,"column":4},"end":{"line":23,"column":26}},"12":{"start":{"line":26,"column":23},"end":{"line":31,"column":3}},"13":{"start":{"line":27,"column":4},"end":{"line":30,"column":8}},"14":{"start":{"line":27,"column":32},"end":{"line":30,"column":5}},"15":{"start":{"line":33,"column":2},"end":{"line":38,"column":4}}},"fnMap":{"0":{"name":"(anonymous_0)","decl":{"start":{"line":9,"column":16},"end":{"line":9,"column":17}},"loc":{"start":{"line":9,"column":50},"end":{"line":39,"column":1}},"line":9},"1":{"name":"(anonymous_1)","decl":{"start":{"line":14,"column":12},"end":{"line":14,"column":13}},"loc":{"start":{"line":14,"column":18},"end":{"line":18,"column":3}},"line":14},"2":{"name":"(anonymous_2)","decl":{"start":{"line":20,"column":23},"end":{"line":20,"column":24}},"loc":{"start":{"line":20,"column":45},"end":{"line":24,"column":3}},"line":20},"3":{"name":"(anonymous_3)","decl":{"start":{"line":26,"column":23},"end":{"line":26,"column":24}},"loc":{"start":{"line":26,"column":56},"end":{"line":31,"column":3}},"line":26},"4":{"name":"(anonymous_4)","decl":{"start":{"line":27,"column":14},"end":{"line":27,"column":15}},"loc":{"start":{"line":27,"column":32},"end":{"line":30,"column":5}},"line":27}},"branchMap":{"0":{"loc":{"start":{"line":15,"column":4},"end":{"line":17,"column":5}},"type":"if","locations":[{"start":{"line":15,"column":4},"end":{"line":17,"column":5}},{"start":{"line":15,"column":4},"end":{"line":17,"column":5}}],"line":15},"1":{"loc":{"start":{"line":15,"column":8},"end":{"line":15,"column":56}},"type":"binary-expr","locations":[{"start":{"line":15,"column":8},"end":{"line":15,"column":40}},{"start":{"line":15,"column":44},"end":{"line":15,"column":56}}],"line":15},"2":{"loc":{"start":{"line":21,"column":4},"end":{"line":21,"column":38}},"type":"if","locations":[{"start":{"line":21,"column":4},"end":{"line":21,"column":38}},{"start":{"line":21,"column":4},"end":{"line":21,"column":38}}],"line":21}},"s":{"0":4,"1":4,"2":4,"3":4,"4":4,"5":2,"6":0,"7":4,"8":0,"9":0,"10":0,"11":0,"12":4,"13":0,"14":0,"15":4},"f":{"0":4,"1":2,"2":0,"3":0,"4":0},"b":{"0":[0,2],"1":[2,2],"2":[0,0]},"_coverageSchema":"43e27e138ebf9cfc5966b082cf9a028302ed4184","hash":"51f7037da37ec37bd48e7628bc4395d5084c2eea"}
,"/home/bulut/apps/personal/e-haber/starter-react-native/src/lib/functions/regex.ts": {"path":"/home/bulut/apps/personal/e-haber/starter-react-native/src/lib/functions/regex.ts","statementMap":{"0":{"start":{"line":1,"column":30},"end":{"line":4,"column":1}},"1":{"start":{"line":2,"column":21},"end":{"line":2,"column":62}},"2":{"start":{"line":3,"column":2},"end":{"line":3,"column":32}},"3":{"start":{"line":6,"column":38},"end":{"line":9,"column":1}},"4":{"start":{"line":7,"column":24},"end":{"line":7,"column":133}},"5":{"start":{"line":8,"column":2},"end":{"line":8,"column":38}}},"fnMap":{"0":{"name":"(anonymous_0)","decl":{"start":{"line":1,"column":30},"end":{"line":1,"column":31}},"loc":{"start":{"line":1,"column":49},"end":{"line":4,"column":1}},"line":1},"1":{"name":"(anonymous_1)","decl":{"start":{"line":6,"column":38},"end":{"line":6,"column":39}},"loc":{"start":{"line":6,"column":60},"end":{"line":9,"column":1}},"line":6}},"branchMap":{},"s":{"0":4,"1":0,"2":0,"3":4,"4":0,"5":0},"f":{"0":0,"1":0},"b":{},"_coverageSchema":"43e27e138ebf9cfc5966b082cf9a028302ed4184","hash":"e728a6e507d1bd5ac6a5c08467c1fa73011429c6"}
,"/home/bulut/apps/personal/e-haber/starter-react-native/src/lib/validations/loginForm.ts": {"path":"/home/bulut/apps/personal/e-haber/starter-react-native/src/lib/validations/loginForm.ts","statementMap":{"0":{"start":{"line":4,"column":54},"end":{"line":4,"column":56}},"1":{"start":{"line":6,"column":2},"end":{"line":10,"column":3}},"2":{"start":{"line":7,"column":4},"end":{"line":7,"column":47}},"3":{"start":{"line":8,"column":9},"end":{"line":10,"column":3}},"4":{"start":{"line":9,"column":4},"end":{"line":9,"column":46}},"5":{"start":{"line":12,"column":2},"end":{"line":16,"column":3}},"6":{"start":{"line":13,"column":4},"end":{"line":13,"column":45}},"7":{"start":{"line":14,"column":9},"end":{"line":16,"column":3}},"8":{"start":{"line":15,"column":4},"end":{"line":15,"column":62}},"9":{"start":{"line":17,"column":2},"end":{"line":17,"column":16}}},"fnMap":{"0":{"name":"validate","decl":{"start":{"line":3,"column":24},"end":{"line":3,"column":32}},"loc":{"start":{"line":3,"column":78},"end":{"line":18,"column":1}},"line":3}},"branchMap":{"0":{"loc":{"start":{"line":6,"column":2},"end":{"line":10,"column":3}},"type":"if","locations":[{"start":{"line":6,"column":2},"end":{"line":10,"column":3}},{"start":{"line":6,"column":2},"end":{"line":10,"column":3}}],"line":6},"1":{"loc":{"start":{"line":8,"column":9},"end":{"line":10,"column":3}},"type":"if","locations":[{"start":{"line":8,"column":9},"end":{"line":10,"column":3}},{"start":{"line":8,"column":9},"end":{"line":10,"column":3}}],"line":8},"2":{"loc":{"start":{"line":12,"column":2},"end":{"line":16,"column":3}},"type":"if","locations":[{"start":{"line":12,"column":2},"end":{"line":16,"column":3}},{"start":{"line":12,"column":2},"end":{"line":16,"column":3}}],"line":12},"3":{"loc":{"start":{"line":14,"column":9},"end":{"line":16,"column":3}},"type":"if","locations":[{"start":{"line":14,"column":9},"end":{"line":16,"column":3}},{"start":{"line":14,"column":9},"end":{"line":16,"column":3}}],"line":14}},"s":{"0":0,"1":0,"2":0,"3":0,"4":0,"5":0,"6":0,"7":0,"8":0,"9":0},"f":{"0":0},"b":{"0":[0,0],"1":[0,0],"2":[0,0],"3":[0,0]},"_coverageSchema":"43e27e138ebf9cfc5966b082cf9a028302ed4184","hash":"624b10c710faef62c3b56c37e1c1b702543c11fe"}
,"/home/bulut/apps/personal/e-haber/starter-react-native/src/lib/validations/registerForm.ts": {"path":"/home/bulut/apps/personal/e-haber/starter-react-native/src/lib/validations/registerForm.ts","statementMap":{"0":{"start":{"line":14,"column":6},"end":{"line":14,"column":8}},"1":{"start":{"line":16,"column":2},"end":{"line":20,"column":3}},"2":{"start":{"line":17,"column":4},"end":{"line":17,"column":47}},"3":{"start":{"line":18,"column":9},"end":{"line":20,"column":3}},"4":{"start":{"line":19,"column":4},"end":{"line":19,"column":46}},"5":{"start":{"line":22,"column":2},"end":{"line":26,"column":3}},"6":{"start":{"line":23,"column":4},"end":{"line":23,"column":45}},"7":{"start":{"line":24,"column":9},"end":{"line":26,"column":3}},"8":{"start":{"line":25,"column":4},"end":{"line":25,"column":62}},"9":{"start":{"line":28,"column":2},"end":{"line":32,"column":3}},"10":{"start":{"line":29,"column":4},"end":{"line":29,"column":54}},"11":{"start":{"line":30,"column":9},"end":{"line":32,"column":3}},"12":{"start":{"line":31,"column":4},"end":{"line":31,"column":46}},"13":{"start":{"line":34,"column":2},"end":{"line":38,"column":3}},"14":{"start":{"line":35,"column":4},"end":{"line":35,"column":41}},"15":{"start":{"line":36,"column":9},"end":{"line":38,"column":3}},"16":{"start":{"line":37,"column":4},"end":{"line":37,"column":37}},"17":{"start":{"line":40,"column":2},"end":{"line":40,"column":16}}},"fnMap":{"0":{"name":"validate","decl":{"start":{"line":3,"column":24},"end":{"line":3,"column":32}},"loc":{"start":{"line":8,"column":3},"end":{"line":41,"column":1}},"line":8}},"branchMap":{"0":{"loc":{"start":{"line":16,"column":2},"end":{"line":20,"column":3}},"type":"if","locations":[{"start":{"line":16,"column":2},"end":{"line":20,"column":3}},{"start":{"line":16,"column":2},"end":{"line":20,"column":3}}],"line":16},"1":{"loc":{"start":{"line":18,"column":9},"end":{"line":20,"column":3}},"type":"if","locations":[{"start":{"line":18,"column":9},"end":{"line":20,"column":3}},{"start":{"line":18,"column":9},"end":{"line":20,"column":3}}],"line":18},"2":{"loc":{"start":{"line":22,"column":2},"end":{"line":26,"column":3}},"type":"if","locations":[{"start":{"line":22,"column":2},"end":{"line":26,"column":3}},{"start":{"line":22,"column":2},"end":{"line":26,"column":3}}],"line":22},"3":{"loc":{"start":{"line":24,"column":9},"end":{"line":26,"column":3}},"type":"if","locations":[{"start":{"line":24,"column":9},"end":{"line":26,"column":3}},{"start":{"line":24,"column":9},"end":{"line":26,"column":3}}],"line":24},"4":{"loc":{"start":{"line":28,"column":2},"end":{"line":32,"column":3}},"type":"if","locations":[{"start":{"line":28,"column":2},"end":{"line":32,"column":3}},{"start":{"line":28,"column":2},"end":{"line":32,"column":3}}],"line":28},"5":{"loc":{"start":{"line":30,"column":9},"end":{"line":32,"column":3}},"type":"if","locations":[{"start":{"line":30,"column":9},"end":{"line":32,"column":3}},{"start":{"line":30,"column":9},"end":{"line":32,"column":3}}],"line":30},"6":{"loc":{"start":{"line":34,"column":2},"end":{"line":38,"column":3}},"type":"if","locations":[{"start":{"line":34,"column":2},"end":{"line":38,"column":3}},{"start":{"line":34,"column":2},"end":{"line":38,"column":3}}],"line":34},"7":{"loc":{"start":{"line":36,"column":9},"end":{"line":38,"column":3}},"type":"if","locations":[{"start":{"line":36,"column":9},"end":{"line":38,"column":3}},{"start":{"line":36,"column":9},"end":{"line":38,"column":3}}],"line":36}},"s":{"0":0,"1":0,"2":0,"3":0,"4":0,"5":0,"6":0,"7":0,"8":0,"9":0,"10":0,"11":0,"12":0,"13":0,"14":0,"15":0,"16":0,"17":0},"f":{"0":0},"b":{"0":[0,0],"1":[0,0],"2":[0,0],"3":[0,0],"4":[0,0],"5":[0,0],"6":[0,0],"7":[0,0]},"_coverageSchema":"43e27e138ebf9cfc5966b082cf9a028302ed4184","hash":"12726e927be9fe73a70bfe7394b29e248ec3346c"}
,"/home/bulut/apps/personal/e-haber/starter-react-native/src/modules/auth/actions.ts": {"path":"/home/bulut/apps/personal/e-haber/starter-react-native/src/modules/auth/actions.ts","statementMap":{"0":{"start":{"line":4,"column":33},"end":{"line":5,"column":45}},"1":{"start":{"line":5,"column":2},"end":{"line":5,"column":45}},"2":{"start":{"line":7,"column":33},"end":{"line":9,"column":1}},"3":{"start":{"line":8,"column":2},"end":{"line":8,"column":53}},"4":{"start":{"line":10,"column":31},"end":{"line":11,"column":48}},"5":{"start":{"line":11,"column":2},"end":{"line":11,"column":48}},"6":{"start":{"line":13,"column":36},"end":{"line":14,"column":48}},"7":{"start":{"line":14,"column":2},"end":{"line":14,"column":48}},"8":{"start":{"line":16,"column":36},"end":{"line":18,"column":1}},"9":{"start":{"line":17,"column":2},"end":{"line":17,"column":56}},"10":{"start":{"line":19,"column":34},"end":{"line":20,"column":51}},"11":{"start":{"line":20,"column":2},"end":{"line":20,"column":51}},"12":{"start":{"line":22,"column":22},"end":{"line":22,"column":58}},"13":{"start":{"line":22,"column":28},"end":{"line":22,"column":58}}},"fnMap":{"0":{"name":"(anonymous_0)","decl":{"start":{"line":4,"column":33},"end":{"line":4,"column":34}},"loc":{"start":{"line":5,"column":2},"end":{"line":5,"column":45}},"line":5},"1":{"name":"(anonymous_1)","decl":{"start":{"line":7,"column":33},"end":{"line":7,"column":34}},"loc":{"start":{"line":7,"column":48},"end":{"line":9,"column":1}},"line":7},"2":{"name":"(anonymous_2)","decl":{"start":{"line":10,"column":31},"end":{"line":10,"column":32}},"loc":{"start":{"line":11,"column":2},"end":{"line":11,"column":48}},"line":11},"3":{"name":"(anonymous_3)","decl":{"start":{"line":13,"column":36},"end":{"line":13,"column":37}},"loc":{"start":{"line":14,"column":2},"end":{"line":14,"column":48}},"line":14},"4":{"name":"(anonymous_4)","decl":{"start":{"line":16,"column":36},"end":{"line":16,"column":37}},"loc":{"start":{"line":16,"column":51},"end":{"line":18,"column":1}},"line":16},"5":{"name":"(anonymous_5)","decl":{"start":{"line":19,"column":34},"end":{"line":19,"column":35}},"loc":{"start":{"line":20,"column":2},"end":{"line":20,"column":51}},"line":20},"6":{"name":"(anonymous_6)","decl":{"start":{"line":22,"column":22},"end":{"line":22,"column":23}},"loc":{"start":{"line":22,"column":28},"end":{"line":22,"column":58}},"line":22}},"branchMap":{},"s":{"0":4,"1":0,"2":4,"3":0,"4":4,"5":0,"6":4,"7":0,"8":4,"9":0,"10":4,"11":0,"12":4,"13":0},"f":{"0":0,"1":0,"2":0,"3":0,"4":0,"5":0,"6":0},"b":{},"_coverageSchema":"43e27e138ebf9cfc5966b082cf9a028302ed4184","hash":"d3fcd949b6653796dda064a7dc2648ff9e673919"}
,"/home/bulut/apps/personal/e-haber/starter-react-native/src/modules/auth/types.ts": {"path":"/home/bulut/apps/personal/e-haber/starter-react-native/src/modules/auth/types.ts","statementMap":{"0":{"start":{"line":1,"column":29},"end":{"line":1,"column":44}},"1":{"start":{"line":2,"column":29},"end":{"line":2,"column":44}},"2":{"start":{"line":3,"column":29},"end":{"line":3,"column":44}},"3":{"start":{"line":5,"column":32},"end":{"line":5,"column":50}},"4":{"start":{"line":6,"column":32},"end":{"line":6,"column":50}},"5":{"start":{"line":7,"column":32},"end":{"line":7,"column":50}},"6":{"start":{"line":9,"column":22},"end":{"line":9,"column":30}}},"fnMap":{},"branchMap":{},"s":{"0":4,"1":4,"2":4,"3":4,"4":4,"5":4,"6":4},"f":{},"b":{},"_coverageSchema":"43e27e138ebf9cfc5966b082cf9a028302ed4184","hash":"f9ec52cf45a7393c3e50eb94dd8a4c28589540e6"}
,"/home/bulut/apps/personal/e-haber/starter-react-native/src/screens/Auth/Login.tsx": {"path":"/home/bulut/apps/personal/e-haber/starter-react-native/src/screens/Auth/Login.tsx","statementMap":{"0":{"start":{"line":14,"column":20},"end":{"line":41,"column":1}},"1":{"start":{"line":15,"column":57},"end":{"line":18,"column":3}},"2":{"start":{"line":20,"column":2},"end":{"line":40,"column":4}},"3":{"start":{"line":43,"column":24},"end":{"line":45,"column":1}},"4":{"start":{"line":44,"column":2},"end":{"line":44,"column":30}},"5":{"start":{"line":47,"column":27},"end":{"line":53,"column":1}},"6":{"start":{"line":48,"column":2},"end":{"line":52,"column":4}},"7":{"start":{"line":50,"column":6},"end":{"line":50,"column":55}}},"fnMap":{"0":{"name":"(anonymous_0)","decl":{"start":{"line":14,"column":20},"end":{"line":14,"column":21}},"loc":{"start":{"line":14,"column":58},"end":{"line":41,"column":1}},"line":14},"1":{"name":"(anonymous_1)","decl":{"start":{"line":43,"column":24},"end":{"line":43,"column":25}},"loc":{"start":{"line":43,"column":43},"end":{"line":45,"column":1}},"line":43},"2":{"name":"(anonymous_2)","decl":{"start":{"line":47,"column":27},"end":{"line":47,"column":28}},"loc":{"start":{"line":47,"column":46},"end":{"line":53,"column":1}},"line":47},"3":{"name":"(anonymous_3)","decl":{"start":{"line":49,"column":11},"end":{"line":49,"column":12}},"loc":{"start":{"line":49,"column":48},"end":{"line":51,"column":5}},"line":49}},"branchMap":{},"s":{"0":2,"1":2,"2":2,"3":2,"4":2,"5":2,"6":2,"7":0},"f":{"0":2,"1":2,"2":2,"3":0},"b":{},"_coverageSchema":"43e27e138ebf9cfc5966b082cf9a028302ed4184","hash":"2c562ec2d9a5949615e5c94f96e42d55bae7320a"}
,"/home/bulut/apps/personal/e-haber/starter-react-native/src/screens/Auth/Register.tsx": {"path":"/home/bulut/apps/personal/e-haber/starter-react-native/src/screens/Auth/Register.tsx","statementMap":{"0":{"start":{"line":14,"column":23},"end":{"line":48,"column":1}},"1":{"start":{"line":15,"column":57},"end":{"line":18,"column":3}},"2":{"start":{"line":20,"column":2},"end":{"line":47,"column":4}},"3":{"start":{"line":50,"column":24},"end":{"line":52,"column":1}},"4":{"start":{"line":51,"column":2},"end":{"line":51,"column":30}},"5":{"start":{"line":54,"column":27},"end":{"line":60,"column":1}},"6":{"start":{"line":55,"column":2},"end":{"line":59,"column":4}},"7":{"start":{"line":57,"column":6},"end":{"line":57,"column":68}}},"fnMap":{"0":{"name":"(anonymous_0)","decl":{"start":{"line":14,"column":23},"end":{"line":14,"column":24}},"loc":{"start":{"line":14,"column":67},"end":{"line":48,"column":1}},"line":14},"1":{"name":"(anonymous_1)","decl":{"start":{"line":50,"column":24},"end":{"line":50,"column":25}},"loc":{"start":{"line":50,"column":43},"end":{"line":52,"column":1}},"line":50},"2":{"name":"(anonymous_2)","decl":{"start":{"line":54,"column":27},"end":{"line":54,"column":28}},"loc":{"start":{"line":54,"column":46},"end":{"line":60,"column":1}},"line":54},"3":{"name":"(anonymous_3)","decl":{"start":{"line":56,"column":14},"end":{"line":56,"column":15}},"loc":{"start":{"line":56,"column":69},"end":{"line":58,"column":5}},"line":56}},"branchMap":{},"s":{"0":2,"1":2,"2":2,"3":2,"4":2,"5":2,"6":2,"7":0},"f":{"0":2,"1":2,"2":2,"3":0},"b":{},"_coverageSchema":"43e27e138ebf9cfc5966b082cf9a028302ed4184","hash":"83f74ed257f675f47fd90f91b212abb67e249b99"}
}
