TN:
SF:/home/bulut/apps/personal/e-haber/starter-react-native/src/assets/images/image-test.jpg
FNF:0
FNH:0
DA:1,2
LF:1
LH:1
BRF:0
BRH:0
end_of_record
TN:
SF:/home/bulut/apps/personal/e-haber/starter-react-native/src/components/Alert/Alert.tsx
FN:9,Alert
FNF:1
FNH:1
FNDA:1,Alert
DA:10,1
LF:1
LH:1
BRF:0
BRH:0
end_of_record
TN:
SF:/home/bulut/apps/personal/e-haber/starter-react-native/src/components/Button/Button.tsx
FN:11,ButtonComponent
FNF:1
FNH:1
FNDA:8,ButtonComponent
DA:12,8
LF:1
LH:1
BRF:0
BRH:0
end_of_record
TN:
SF:/home/bulut/apps/personal/e-haber/starter-react-native/src/components/Container/Container.tsx
FN:6,(anonymous_0)
FN:15,(anonymous_1)
FNF:2
FNH:2
FNDA:3,(anonymous_0)
FNDA:4,(anonymous_1)
DA:5,2
DA:7,3
DA:16,4
LF:3
LH:3
BRDA:7,0,0,3
BRDA:7,0,1,2
BRF:2
BRH:2
end_of_record
TN:
SF:/home/bulut/apps/personal/e-haber/starter-react-native/src/components/DatePicker/DatePicker.android.tsx
FN:25,DatePicker
FN:28,(anonymous_1)
FNF:2
FNH:2
FNDA:3,DatePicker
FNDA:1,(anonymous_1)
DA:26,3
DA:27,3
DA:28,3
DA:29,1
DA:31,1
DA:34,0
DA:35,0
DA:36,0
DA:37,0
DA:40,1
DA:43,3
LF:11
LH:7
BRDA:32,0,0,0
BRDA:32,0,1,0
BRDA:36,1,0,0
BRDA:36,1,1,0
BRF:4
BRH:0
end_of_record
TN:
SF:/home/bulut/apps/personal/e-haber/starter-react-native/src/components/DatePicker/DatePicker.ios.tsx
FN:20,DatePicker
FN:25,(anonymous_1)
FN:28,(anonymous_2)
FNF:3
FNH:2
FNDA:4,DatePicker
FNDA:0,(anonymous_1)
FNDA:1,(anonymous_2)
DA:21,4
DA:22,4
DA:24,4
DA:25,4
DA:26,0
DA:28,4
DA:29,1
DA:31,4
LF:8
LH:7
BRDA:21,0,0,4
BRDA:21,0,1,1
BRDA:34,1,0,4
BRDA:34,1,1,1
BRF:4
BRH:4
end_of_record
TN:
SF:/home/bulut/apps/personal/e-haber/starter-react-native/src/components/FormInput/FormInput.tsx
FN:14,(anonymous_0)
FN:22,(anonymous_1)
FNF:2
FNH:1
FNDA:12,(anonymous_0)
FNDA:0,(anonymous_1)
DA:16,12
DA:17,12
DA:22,0
DA:28,6
LF:4
LH:3
BRF:0
BRH:0
end_of_record
TN:
SF:/home/bulut/apps/personal/e-haber/starter-react-native/src/components/Header/Header.tsx
FN:11,HeaderComponent
FNF:1
FNH:1
FNDA:2,HeaderComponent
DA:12,2
LF:1
LH:1
BRF:0
BRH:0
end_of_record
TN:
SF:/home/bulut/apps/personal/e-haber/starter-react-native/src/components/Image/Image.tsx
FN:10,ImageComponent
FNF:1
FNH:1
FNDA:2,ImageComponent
DA:11,2
LF:1
LH:1
BRF:0
BRH:0
end_of_record
TN:
SF:/home/bulut/apps/personal/e-haber/starter-react-native/src/components/Select/Select.tsx
FN:12,Select
FN:24,(anonymous_1)
FNF:2
FNH:2
FNDA:2,Select
FNDA:2,(anonymous_1)
DA:18,2
DA:25,2
LF:2
LH:2
BRDA:13,0,0,0
BRF:1
BRH:0
end_of_record
TN:
SF:/home/bulut/apps/personal/e-haber/starter-react-native/src/components/Spinner/Spinner.tsx
FN:8,(anonymous_0)
FNF:1
FNH:1
FNDA:4,(anonymous_0)
DA:8,2
DA:9,4
LF:2
LH:2
BRDA:9,0,0,4
BRDA:9,0,1,2
BRF:2
BRH:2
end_of_record
TN:
SF:/home/bulut/apps/personal/e-haber/starter-react-native/src/components/Switch/Switch.tsx
FN:11,(anonymous_0)
FNF:1
FNH:1
FNDA:2,(anonymous_0)
DA:12,2
LF:1
LH:1
BRDA:11,0,0,0
BRF:1
BRH:0
end_of_record
TN:
SF:/home/bulut/apps/personal/e-haber/starter-react-native/src/config/strings.ts
FNF:0
FNH:0
DA:1,4
LF:1
LH:1
BRF:0
BRH:0
end_of_record
TN:
SF:/home/bulut/apps/personal/e-haber/starter-react-native/src/lib/components/useForm.tsx
FN:9,(anonymous_0)
FN:14,(anonymous_1)
FN:20,(anonymous_2)
FN:26,(anonymous_3)
FN:27,(anonymous_4)
FNF:5
FNH:2
FNDA:4,(anonymous_0)
FNDA:2,(anonymous_1)
FNDA:0,(anonymous_2)
FNDA:0,(anonymous_3)
FNDA:0,(anonymous_4)
DA:9,4
DA:10,4
DA:11,4
DA:12,4
DA:14,4
DA:15,2
DA:16,0
DA:20,4
DA:21,0
DA:22,0
DA:23,0
DA:26,4
DA:27,0
DA:33,4
LF:14
LH:9
BRDA:15,0,0,0
BRDA:15,0,1,2
BRDA:15,1,0,2
BRDA:15,1,1,2
BRDA:21,2,0,0
BRDA:21,2,1,0
BRF:6
BRH:3
end_of_record
TN:
SF:/home/bulut/apps/personal/e-haber/starter-react-native/src/lib/functions/regex.ts
FN:1,(anonymous_0)
FN:6,(anonymous_1)
FNF:2
FNH:0
FNDA:0,(anonymous_0)
FNDA:0,(anonymous_1)
DA:1,4
DA:2,0
DA:3,0
DA:6,4
DA:7,0
DA:8,0
LF:6
LH:2
BRF:0
BRH:0
end_of_record
TN:
SF:/home/bulut/apps/personal/e-haber/starter-react-native/src/lib/validations/loginForm.ts
FN:3,validate
FNF:1
FNH:0
FNDA:0,validate
DA:4,0
DA:6,0
DA:7,0
DA:8,0
DA:9,0
DA:12,0
DA:13,0
DA:14,0
DA:15,0
DA:17,0
LF:10
LH:0
BRDA:6,0,0,0
BRDA:6,0,1,0
BRDA:8,1,0,0
BRDA:8,1,1,0
BRDA:12,2,0,0
BRDA:12,2,1,0
BRDA:14,3,0,0
BRDA:14,3,1,0
BRF:8
BRH:0
end_of_record
TN:
SF:/home/bulut/apps/personal/e-haber/starter-react-native/src/lib/validations/registerForm.ts
FN:3,validate
FNF:1
FNH:0
FNDA:0,validate
DA:14,0
DA:16,0
DA:17,0
DA:18,0
DA:19,0
DA:22,0
DA:23,0
DA:24,0
DA:25,0
DA:28,0
DA:29,0
DA:30,0
DA:31,0
DA:34,0
DA:35,0
DA:36,0
DA:37,0
DA:40,0
LF:18
LH:0
BRDA:16,0,0,0
BRDA:16,0,1,0
BRDA:18,1,0,0
BRDA:18,1,1,0
BRDA:22,2,0,0
BRDA:22,2,1,0
BRDA:24,3,0,0
BRDA:24,3,1,0
BRDA:28,4,0,0
BRDA:28,4,1,0
BRDA:30,5,0,0
BRDA:30,5,1,0
BRDA:34,6,0,0
BRDA:34,6,1,0
BRDA:36,7,0,0
BRDA:36,7,1,0
BRF:16
BRH:0
end_of_record
TN:
SF:/home/bulut/apps/personal/e-haber/starter-react-native/src/modules/auth/actions.ts
FN:4,(anonymous_0)
FN:7,(anonymous_1)
FN:10,(anonymous_2)
FN:13,(anonymous_3)
FN:16,(anonymous_4)
FN:19,(anonymous_5)
FN:22,(anonymous_6)
FNF:7
FNH:0
FNDA:0,(anonymous_0)
FNDA:0,(anonymous_1)
FNDA:0,(anonymous_2)
FNDA:0,(anonymous_3)
FNDA:0,(anonymous_4)
FNDA:0,(anonymous_5)
FNDA:0,(anonymous_6)
DA:4,4
DA:5,0
DA:7,4
DA:8,0
DA:10,4
DA:11,0
DA:13,4
DA:14,0
DA:16,4
DA:17,0
DA:19,4
DA:20,0
DA:22,4
LF:13
LH:7
BRF:0
BRH:0
end_of_record
TN:
SF:/home/bulut/apps/personal/e-haber/starter-react-native/src/modules/auth/types.ts
FNF:0
FNH:0
DA:1,4
DA:2,4
DA:3,4
DA:5,4
DA:6,4
DA:7,4
DA:9,4
LF:7
LH:7
BRF:0
BRH:0
end_of_record
TN:
SF:/home/bulut/apps/personal/e-haber/starter-react-native/src/screens/Auth/Login.tsx
FN:14,(anonymous_0)
FN:43,(anonymous_1)
FN:47,(anonymous_2)
FN:49,(anonymous_3)
FNF:4
FNH:3
FNDA:2,(anonymous_0)
FNDA:2,(anonymous_1)
FNDA:2,(anonymous_2)
FNDA:0,(anonymous_3)
DA:14,2
DA:15,2
DA:20,2
DA:43,2
DA:44,2
DA:47,2
DA:48,2
DA:50,0
LF:8
LH:7
BRF:0
BRH:0
end_of_record
TN:
SF:/home/bulut/apps/personal/e-haber/starter-react-native/src/screens/Auth/Register.tsx
FN:14,(anonymous_0)
FN:50,(anonymous_1)
FN:54,(anonymous_2)
FN:56,(anonymous_3)
FNF:4
FNH:3
FNDA:2,(anonymous_0)
FNDA:2,(anonymous_1)
FNDA:2,(anonymous_2)
FNDA:0,(anonymous_3)
DA:14,2
DA:15,2
DA:20,2
DA:50,2
DA:51,2
DA:54,2
DA:55,2
DA:57,0
LF:8
LH:7
BRF:0
BRH:0
end_of_record
